<?xml version="1.0" encoding="UTF-8"?>
<!-- Generated by org.testng.reporters.JUnitReportReporter -->
<testsuite skipped="0" hostname="test-1" name="com.nopcommerce.demo.topemenu.TopMenuTest" tests="1" failures="0" timestamp="09 Jun 2021 14:05:45 GMT" time="24.473" errors="0">
  <testcase name="verifyPagenavigation" time="24.473" classname="com.nopcommerce.demo.topemenu.TopMenuTest"/>
</testsuite> <!-- com.nopcommerce.demo.topemenu.TopMenuTest -->
