<?xml version="1.0" encoding="UTF-8"?>
<!-- Generated by org.testng.reporters.JUnitReportReporter -->
<testsuite skipped="0" hostname="test-1" name="com.nopcommerce.demo.computer.ComputerTest" tests="1" failures="0" timestamp="09 Jun 2021 14:05:45 GMT" time="21.365" errors="0">
  <testcase name="verifyProductArrangeInAlphaBaticalOrder" time="21.365" classname="com.nopcommerce.demo.computer.ComputerTest"/>
</testsuite> <!-- com.nopcommerce.demo.computer.ComputerTest -->
