<?xml version="1.0" encoding="UTF-8"?>
<!-- Generated by org.testng.reporters.JUnitReportReporter -->
<testsuite skipped="0" hostname="test-1" name="com.nopcommerce.demo.productpage.ProductTest" tests="1" failures="0" timestamp="09 Jun 2021 14:05:45 GMT" time="21.655" errors="0">
  <testcase name="verifyProductAddedToShoppingCartSucessFully" time="21.655" classname="com.nopcommerce.demo.productpage.ProductTest"/>
</testsuite> <!-- com.nopcommerce.demo.productpage.ProductTest -->
